<?xml version="1.0" encoding="UTF-8"?>
<testng-results ignored="0" total="0" passed="0" failed="0" skipped="0">
  <reporter-output>
  </reporter-output>
  <suite started-at="2021-06-27T14:28:59Z" name="Practing Test Automation Test Suite" finished-at="2021-06-27T14:28:59Z" duration-ms="6">
    <groups>
    </groups>
    <test started-at="2021-06-27T14:28:59Z" name="Test Cases" finished-at="2021-06-27T14:28:59Z" duration-ms="6">
    </test> <!-- Test Cases -->
  </suite> <!-- Practing Test Automation Test Suite -->
</testng-results>
