<?xml version="1.0" encoding="UTF-8"?>
<testng-results ignored="0" total="1" passed="1" failed="0" skipped="0">
  <reporter-output>
  </reporter-output>
  <suite started-at="2021-06-23T16:29:26Z" name="Default suite" finished-at="2021-06-23T16:29:26Z" duration-ms="15">
    <groups>
    </groups>
    <test started-at="2021-06-23T16:29:26Z" name="Default test" finished-at="2021-06-23T16:29:26Z" duration-ms="15">
      <class name="Started_prac.TestNG_TC_002">
        <test-method is-config="true" signature="beforeSuite()[pri:0, instance:Started_prac.TestNG_TC_002@14fa86ae]" started-at="2021-06-23T16:29:26Z" name="beforeSuite" finished-at="2021-06-23T16:29:26Z" duration-ms="6" status="PASS">
          <reporter-output>
          </reporter-output>
        </test-method> <!-- beforeSuite -->
        <test-method is-config="true" signature="beforeTest()[pri:0, instance:Started_prac.TestNG_TC_002@14fa86ae]" started-at="2021-06-23T16:29:26Z" name="beforeTest" finished-at="2021-06-23T16:29:26Z" duration-ms="0" status="PASS">
          <reporter-output>
          </reporter-output>
        </test-method> <!-- beforeTest -->
        <test-method is-config="true" signature="beforeClass()[pri:0, instance:Started_prac.TestNG_TC_002@14fa86ae]" started-at="2021-06-23T16:29:26Z" name="beforeClass" finished-at="2021-06-23T16:29:26Z" duration-ms="0" status="PASS">
          <reporter-output>
          </reporter-output>
        </test-method> <!-- beforeClass -->
        <test-method is-config="true" signature="beforeMethod()[pri:0, instance:Started_prac.TestNG_TC_002@14fa86ae]" started-at="2021-06-23T16:29:26Z" name="beforeMethod" finished-at="2021-06-23T16:29:26Z" duration-ms="0" status="PASS">
          <reporter-output>
          </reporter-output>
        </test-method> <!-- beforeMethod -->
        <test-method signature="f()[pri:0, instance:Started_prac.TestNG_TC_002@14fa86ae]" started-at="2021-06-23T16:29:26Z" name="f" finished-at="2021-06-23T16:29:26Z" duration-ms="3" status="PASS">
          <reporter-output>
          </reporter-output>
        </test-method> <!-- f -->
        <test-method is-config="true" signature="afterMethod()[pri:0, instance:Started_prac.TestNG_TC_002@14fa86ae]" started-at="2021-06-23T16:29:26Z" name="afterMethod" finished-at="2021-06-23T16:29:26Z" duration-ms="1" status="PASS">
          <reporter-output>
          </reporter-output>
        </test-method> <!-- afterMethod -->
        <test-method is-config="true" signature="afterClass()[pri:0, instance:Started_prac.TestNG_TC_002@14fa86ae]" started-at="2021-06-23T16:29:26Z" name="afterClass" finished-at="2021-06-23T16:29:26Z" duration-ms="0" status="PASS">
          <reporter-output>
          </reporter-output>
        </test-method> <!-- afterClass -->
        <test-method is-config="true" signature="afterTest()[pri:0, instance:Started_prac.TestNG_TC_002@14fa86ae]" started-at="2021-06-23T16:29:26Z" name="afterTest" finished-at="2021-06-23T16:29:26Z" duration-ms="0" status="PASS">
          <reporter-output>
          </reporter-output>
        </test-method> <!-- afterTest -->
        <test-method is-config="true" signature="afterSuite()[pri:0, instance:Started_prac.TestNG_TC_002@14fa86ae]" started-at="2021-06-23T16:29:26Z" name="afterSuite" finished-at="2021-06-23T16:29:26Z" duration-ms="1" status="PASS">
          <reporter-output>
          </reporter-output>
        </test-method> <!-- afterSuite -->
      </class> <!-- Started_prac.TestNG_TC_002 -->
    </test> <!-- Default test -->
  </suite> <!-- Default suite -->
</testng-results>
