<?xml version="1.0" encoding="UTF-8"?>
<!-- Generated by org.testng.reporters.JUnitXMLReporter -->
<testsuite ignored="1" hostname="LAPTOP-1T8NCPJC" failures="0" tests="2" name="Default test" time="0.019" errors="0" timestamp="23 Jun 2021 17:24:38 GMT">
  <testcase classname="Started_prac.TestNG_TC_002" name="test3" time="0.003"/>
  <testcase classname="Started_prac.TestNG_TC_002" name="test1" time="0.001"/>
  <testcase classname="Started_prac.TestNG_TC_002" name="test2" time="0.0">
    <ignored/>
  </testcase> <!-- test2 -->
</testsuite> <!-- Default test -->
